# JRE version: Java(TM) SE Runtime Environment (23.0.2+7) (build 23.0.2+7-58)
# Java VM: Java HotSpot(TM) 64-Bit Server VM (23.0.2+7-58, mixed mode, sharing, tiered, compressed oops, compressed class ptrs, g1 gc, windows-amd64)
GC Precious Log:
 CardTable entry size: 512
 Card Set container configuration: InlinePtr #cards 5 size 8 Array Of Cards #cards 10 size 36 Howl #buckets 4 coarsen threshold 1843 Howl Bitmap #cards 512 size 80 coarsen threshold 460 Card regions per heap region 1 cards per card region 2048
 CPUs: 8 total, 8 available
 Memory: 3820M
 Large Page Support: Disabled
 NUMA Support: Disabled
 Compressed Oops: Enabled (32-bit)
 Heap Region Size: 1M
 Heap Min Capacity: 8M
 Heap Initial Capacity: 60M
 Heap Max Capacity: 956M
 Pre-touch: Disabled
 Parallel Workers: 8
 Concurrent Workers: 2
 Concurrent Refinement Workers: 8
 Periodic GC: Disabled
Heap:
 garbage-first heap   total reserved 978944K, committed 51200K, used 30623K [0x00000000c4400000, 0x0000000100000000)
  region size 1024K, 3 young (3072K), 2 survivors (2048K)
 Metaspace       used 64722K, committed 65408K, reserved 1114112K
  class space    used 8991K, committed 9280K, reserved 1048576K
GC Heap History (20 events):
Event: 7.162 GC heap before
{Heap before GC invocations=5 (full 0):
 garbage-first heap   total reserved 978944K, committed 51200K, used 42464K [0x00000000c4400000, 0x0000000100000000)
  region size 1024K, 29 young (29696K), 2 survivors (2048K)
 Metaspace       used 25352K, committed 25728K, reserved 1114112K
  class space    used 3229K, committed 3392K, reserved 1048576K
}
Event: 7.167 GC heap after
{Heap after GC invocations=6 (full 0):
 garbage-first heap   total reserved 978944K, committed 51200K, used 16641K [0x00000000c4400000, 0x0000000100000000)
  region size 1024K, 4 young (4096K), 4 survivors (4096K)
 Metaspace       used 25352K, committed 25728K, reserved 1114112K
  class space    used 3229K, committed 3392K, reserved 1048576K
}
Event: 8.948 GC heap before
{Heap before GC invocations=6 (full 0):
 garbage-first heap   total reserved 978944K, committed 51200K, used 38145K [0x00000000c4400000, 0x0000000100000000)
  region size 1024K, 25 young (25600K), 4 survivors (4096K)
 Metaspace       used 30199K, committed 30720K, reserved 1114112K
  class space    used 3881K, committed 4096K, reserved 1048576K
}
Event: 8.957 GC heap after
{Heap after GC invocations=7 (full 0):
 garbage-first heap   total reserved 978944K, committed 51200K, used 18758K [0x00000000c4400000, 0x0000000100000000)
  region size 1024K, 3 young (3072K), 3 survivors (3072K)
 Metaspace       used 30199K, committed 30720K, reserved 1114112K
  class space    used 3881K, committed 4096K, reserved 1048576K
}
Event: 9.752 GC heap before
{Heap before GC invocations=7 (full 0):
 garbage-first heap   total reserved 978944K, committed 51200K, used 38214K [0x00000000c4400000, 0x0000000100000000)
  region size 1024K, 23 young (23552K), 3 survivors (3072K)
 Metaspace       used 35565K, committed 36096K, reserved 1114112K
  class space    used 4692K, committed 4928K, reserved 1048576K
}
Event: 9.755 GC heap after
{Heap after GC invocations=8 (full 0):
 garbage-first heap   total reserved 978944K, committed 51200K, used 20554K [0x00000000c4400000, 0x0000000100000000)
  region size 1024K, 2 young (2048K), 2 survivors (2048K)
 Metaspace       used 35565K, committed 36096K, reserved 1114112K
  class space    used 4692K, committed 4928K, reserved 1048576K
}
Event: 9.757 GC heap before
{Heap before GC invocations=8 (full 0):
 garbage-first heap   total reserved 978944K, committed 51200K, used 20554K [0x00000000c4400000, 0x0000000100000000)
  region size 1024K, 3 young (3072K), 2 survivors (2048K)
 Metaspace       used 35616K, committed 36096K, reserved 1114112K
  class space    used 4695K, committed 4928K, reserved 1048576K
}
Event: 9.759 GC heap after
{Heap after GC invocations=9 (full 0):
 garbage-first heap   total reserved 978944K, committed 51200K, used 20524K [0x00000000c4400000, 0x0000000100000000)
  region size 1024K, 2 young (2048K), 2 survivors (2048K)
 Metaspace       used 35616K, committed 36096K, reserved 1114112K
  class space    used 4695K, committed 4928K, reserved 1048576K
}
Event: 11.393 GC heap before
{Heap before GC invocations=10 (full 0):
 garbage-first heap   total reserved 978944K, committed 51200K, used 42028K [0x00000000c4400000, 0x0000000100000000)
  region size 1024K, 24 young (24576K), 2 survivors (2048K)
 Metaspace       used 41530K, committed 42048K, reserved 1114112K
  class space    used 5565K, committed 5824K, reserved 1048576K
}
Event: 11.396 GC heap after
{Heap after GC invocations=11 (full 0):
 garbage-first heap   total reserved 978944K, committed 51200K, used 22477K [0x00000000c4400000, 0x0000000100000000)
  region size 1024K, 3 young (3072K), 3 survivors (3072K)
 Metaspace       used 41530K, committed 42048K, reserved 1114112K
  class space    used 5565K, committed 5824K, reserved 1048576K
}
Event: 11.774 GC heap before
{Heap before GC invocations=11 (full 0):
 garbage-first heap   total reserved 978944K, committed 51200K, used 41933K [0x00000000c4400000, 0x0000000100000000)
  region size 1024K, 23 young (23552K), 3 survivors (3072K)
 Metaspace       used 46760K, committed 47296K, reserved 1114112K
  class space    used 6256K, committed 6464K, reserved 1048576K
}
Event: 11.777 GC heap after
{Heap after GC invocations=12 (full 0):
 garbage-first heap   total reserved 978944K, committed 51200K, used 23730K [0x00000000c4400000, 0x0000000100000000)
  region size 1024K, 2 young (2048K), 2 survivors (2048K)
 Metaspace       used 46760K, committed 47296K, reserved 1114112K
  class space    used 6256K, committed 6464K, reserved 1048576K
}
Event: 12.178 GC heap before
{Heap before GC invocations=12 (full 0):
 garbage-first heap   total reserved 978944K, committed 51200K, used 43186K [0x00000000c4400000, 0x0000000100000000)
  region size 1024K, 22 young (22528K), 2 survivors (2048K)
 Metaspace       used 52857K, committed 53440K, reserved 1114112K
  class space    used 7287K, committed 7552K, reserved 1048576K
}
Event: 12.180 GC heap after
{Heap after GC invocations=13 (full 0):
 garbage-first heap   total reserved 978944K, committed 51200K, used 24810K [0x00000000c4400000, 0x0000000100000000)
  region size 1024K, 3 young (3072K), 3 survivors (3072K)
 Metaspace       used 52857K, committed 53440K, reserved 1114112K
  class space    used 7287K, committed 7552K, reserved 1048576K
}
Event: 13.763 GC heap before
{Heap before GC invocations=13 (full 0):
 garbage-first heap   total reserved 978944K, committed 51200K, used 44266K [0x00000000c4400000, 0x0000000100000000)
  region size 1024K, 22 young (22528K), 3 survivors (3072K)
 Metaspace       used 57699K, committed 58304K, reserved 1114112K
  class space    used 7884K, committed 8128K, reserved 1048576K
}
Event: 13.766 GC heap after
{Heap after GC invocations=14 (full 0):
 garbage-first heap   total reserved 978944K, committed 51200K, used 26241K [0x00000000c4400000, 0x0000000100000000)
  region size 1024K, 3 young (3072K), 3 survivors (3072K)
 Metaspace       used 57699K, committed 58304K, reserved 1114112K
  class space    used 7884K, committed 8128K, reserved 1048576K
}
Event: 14.029 GC heap before
{Heap before GC invocations=14 (full 0):
 garbage-first heap   total reserved 978944K, committed 51200K, used 37505K [0x00000000c4400000, 0x0000000100000000)
  region size 1024K, 15 young (15360K), 3 survivors (3072K)
 Metaspace       used 59877K, committed 60416K, reserved 1114112K
  class space    used 8236K, committed 8448K, reserved 1048576K
}
Event: 14.032 GC heap after
{Heap after GC invocations=15 (full 0):
 garbage-first heap   total reserved 978944K, committed 51200K, used 27298K [0x00000000c4400000, 0x0000000100000000)
  region size 1024K, 3 young (3072K), 3 survivors (3072K)
 Metaspace       used 59877K, committed 60416K, reserved 1114112K
  class space    used 8236K, committed 8448K, reserved 1048576K
}
Event: 14.398 GC heap before
{Heap before GC invocations=16 (full 0):
 garbage-first heap   total reserved 978944K, committed 51200K, used 43682K [0x00000000c4400000, 0x0000000100000000)
  region size 1024K, 19 young (19456K), 3 survivors (3072K)
 Metaspace       used 61812K, committed 62528K, reserved 1114112K
  class space    used 8563K, committed 8896K, reserved 1048576K
}
Event: 14.402 GC heap after
{Heap after GC invocations=17 (full 0):
 garbage-first heap   total reserved 978944K, committed 51200K, used 29311K [0x00000000c4400000, 0x0000000100000000)
  region size 1024K, 3 young (3072K), 3 survivors (3072K)
 Metaspace       used 61812K, committed 62528K, reserved 1114112K
  class space    used 8563K, committed 8896K, reserved 1048576K
}

